This file contains any messages produced by compilers while
running configure, to aid debugging if configure makes a mistake.

It was created by ofeli configure 3.1.0, which was
generated by GNU Autoconf 2.69.  Invocation command line was

  $ .//configure 

## --------- ##
## Platform. ##
## --------- ##

hostname = MacBook-Air-de-Rachid.local
uname -m = x86_64
uname -r = 15.4.0
uname -s = Darwin
uname -v = Darwin Kernel Version 15.4.0: Fri Feb 26 22:08:05 PST 2016; root:xnu-3248.40.184~3/RELEASE_X86_64

/usr/bin/uname -p = i386
/bin/uname -X     = unknown

/bin/arch              = unknown
/usr/bin/arch -k       = unknown
/usr/convex/getsysinfo = unknown
/usr/bin/hostinfo      = Mach kernel version:
	 Darwin Kernel Version 15.4.0: Fri Feb 26 22:08:05 PST 2016; root:xnu-3248.40.184~3/RELEASE_X86_64
Kernel configured for up to 4 processors.
2 processors are physically available.
4 processors are logically available.
Processor type: x86_64h (Intel x86-64h Haswell)
Processors active: 0 1 2 3
Primary memory available: 8.00 gigabytes
Default processor set: 275 tasks, 1177 threads, 4 processors
Load average: 1.54, Mach factor: 2.44
/bin/machine           = unknown
/usr/bin/oslevel       = unknown
/bin/universe          = unknown

PATH: /opt/local/bin
PATH: /opt/local/sbin
PATH: /usr/local/texlive/2015/bin/x86_64-darwin
PATH: /opt/local/bin
PATH: /opt/local/sbin
PATH: /opt/local/bin
PATH: /opt/local/sbin
PATH: ./
PATH: /opt/local/bin
PATH: /usr/local/bin
PATH: /usr/local/bin
PATH: /usr/bin
PATH: /bin
PATH: /usr/sbin
PATH: /sbin
PATH: /opt/X11/bin
PATH: /usr/texbin


## ----------- ##
## Core tests. ##
## ----------- ##

configure:2294: checking for a BSD-compatible install
configure:2362: result: /opt/local/bin/ginstall -c
configure:2373: checking whether build environment is sane
configure:2428: result: yes
configure:2579: checking for a thread-safe mkdir -p
configure:2618: result: /opt/local/bin/gmkdir -p
configure:2625: checking for gawk
configure:2641: found /opt/local/bin/gawk
configure:2652: result: gawk
configure:2663: checking whether make sets $(MAKE)
configure:2685: result: yes
configure:2714: checking whether make supports nested variables
configure:2731: result: yes
configure:2858: checking Version
configure:2860: result: 3.1.0
configure:2862: checking Release
configure:2864: result: 
configure:2870: checking whether to enable maintainer-specific portions of Makefiles
configure:2879: result: no
configure:2897: checking build system type
configure:2911: result: i386-apple-darwin15.4.0
configure:2931: checking host system type
configure:2944: result: i386-apple-darwin15.4.0
configure:3019: checking whether make sets $(MAKE)
configure:3041: result: yes
configure:3098: checking for gcc
configure:3114: found /usr/bin/gcc
configure:3125: result: gcc
configure:3354: checking for C compiler version
configure:3363: gcc --version >&5
Apple LLVM version 7.3.0 (clang-703.0.29)
Target: x86_64-apple-darwin15.4.0
Thread model: posix
InstalledDir: /Applications/Xcode.app/Contents/Developer/Toolchains/XcodeDefault.xctoolchain/usr/bin
Configured with: --prefix=/Applications/Xcode.app/Contents/Developer/usr --with-gxx-include-dir=/usr/include/c++/4.2.1
configure:3374: $? = 0
configure:3363: gcc -v >&5
Configured with: --prefix=/Applications/Xcode.app/Contents/Developer/usr --with-gxx-include-dir=/usr/include/c++/4.2.1
Apple LLVM version 7.3.0 (clang-703.0.29)
Target: x86_64-apple-darwin15.4.0
Thread model: posix
InstalledDir: /Applications/Xcode.app/Contents/Developer/Toolchains/XcodeDefault.xctoolchain/usr/bin
configure:3374: $? = 0
configure:3363: gcc -V >&5
clang: error: argument to '-V' is missing (expected 1 value)
clang: error: no input files
configure:3374: $? = 1
configure:3363: gcc -qversion >&5
clang: error: unknown argument: '-qversion'
clang: error: no input files
configure:3374: $? = 1
configure:3394: checking whether the C compiler works
configure:3416: gcc  -Wall   conftest.c  >&5
configure:3420: $? = 0
configure:3468: result: yes
configure:3471: checking for C compiler default output file name
configure:3473: result: a.out
configure:3479: checking for suffix of executables
configure:3486: gcc -o conftest  -Wall   conftest.c  >&5
configure:3490: $? = 0
configure:3512: result: 
configure:3534: checking whether we are cross compiling
configure:3542: gcc -o conftest  -Wall   conftest.c  >&5
configure:3546: $? = 0
configure:3553: ./conftest
configure:3557: $? = 0
configure:3572: result: no
configure:3577: checking for suffix of object files
configure:3599: gcc -c  -Wall  conftest.c >&5
configure:3603: $? = 0
configure:3624: result: o
configure:3628: checking whether we are using the GNU C compiler
configure:3647: gcc -c  -Wall  conftest.c >&5
configure:3647: $? = 0
configure:3656: result: yes
configure:3665: checking whether gcc accepts -g
configure:3685: gcc -c -g -Wall  conftest.c >&5
configure:3685: $? = 0
configure:3726: result: yes
configure:3743: checking for gcc option to accept ISO C89
configure:3806: gcc  -c -g -O2 -Wall  conftest.c >&5
configure:3806: $? = 0
configure:3819: result: none needed
configure:3844: checking whether gcc understands -c and -o together
configure:3866: gcc -c conftest.c -o conftest2.o
configure:3869: $? = 0
configure:3866: gcc -c conftest.c -o conftest2.o
configure:3869: $? = 0
configure:3881: result: yes
configure:3909: checking for style of include used by make
configure:3937: result: GNU
configure:3963: checking dependency style of gcc
configure:4074: result: gcc3
configure:4094: checking how to run the C preprocessor
configure:4125: gcc -E -Wall  conftest.c
configure:4125: $? = 0
configure:4139: gcc -E -Wall  conftest.c
conftest.c:11:10: fatal error: 'ac_nonexistent.h' file not found
#include <ac_nonexistent.h>
         ^
1 error generated.
configure:4139: $? = 1
configure: failed program was:
| /* confdefs.h */
| #define PACKAGE_NAME "ofeli"
| #define PACKAGE_TARNAME "ofeli"
| #define PACKAGE_VERSION "3.1.0"
| #define PACKAGE_STRING "ofeli 3.1.0"
| #define PACKAGE_BUGREPORT ""
| #define PACKAGE_URL ""
| #define PACKAGE "ofeli"
| #define VERSION "3.1.0"
| /* end confdefs.h.  */
| #include <ac_nonexistent.h>
configure:4164: result: gcc -E
configure:4184: gcc -E -Wall  conftest.c
configure:4184: $? = 0
configure:4198: gcc -E -Wall  conftest.c
conftest.c:11:10: fatal error: 'ac_nonexistent.h' file not found
#include <ac_nonexistent.h>
         ^
1 error generated.
configure:4198: $? = 1
configure: failed program was:
| /* confdefs.h */
| #define PACKAGE_NAME "ofeli"
| #define PACKAGE_TARNAME "ofeli"
| #define PACKAGE_VERSION "3.1.0"
| #define PACKAGE_STRING "ofeli 3.1.0"
| #define PACKAGE_BUGREPORT ""
| #define PACKAGE_URL ""
| #define PACKAGE "ofeli"
| #define VERSION "3.1.0"
| /* end confdefs.h.  */
| #include <ac_nonexistent.h>
configure:4284: checking for g++
configure:4300: found /usr/bin/g++
configure:4311: result: g++
configure:4338: checking for C++ compiler version
configure:4347: g++ --version >&5
Apple LLVM version 7.3.0 (clang-703.0.29)
Target: x86_64-apple-darwin15.4.0
Thread model: posix
InstalledDir: /Applications/Xcode.app/Contents/Developer/Toolchains/XcodeDefault.xctoolchain/usr/bin
Configured with: --prefix=/Applications/Xcode.app/Contents/Developer/usr --with-gxx-include-dir=/usr/include/c++/4.2.1
configure:4358: $? = 0
configure:4347: g++ -v >&5
Configured with: --prefix=/Applications/Xcode.app/Contents/Developer/usr --with-gxx-include-dir=/usr/include/c++/4.2.1
Apple LLVM version 7.3.0 (clang-703.0.29)
Target: x86_64-apple-darwin15.4.0
Thread model: posix
InstalledDir: /Applications/Xcode.app/Contents/Developer/Toolchains/XcodeDefault.xctoolchain/usr/bin
configure:4358: $? = 0
configure:4347: g++ -V >&5
clang: error: argument to '-V' is missing (expected 1 value)
clang: error: no input files
configure:4358: $? = 1
configure:4347: g++ -qversion >&5
clang: error: unknown argument: '-qversion'
clang: error: no input files
configure:4358: $? = 1
configure:4362: checking whether we are using the GNU C++ compiler
configure:4381: g++ -c   -Wall  conftest.cpp >&5
configure:4381: $? = 0
configure:4390: result: yes
configure:4399: checking whether g++ accepts -g
configure:4419: g++ -c -g -Wall  conftest.cpp >&5
configure:4419: $? = 0
configure:4460: result: yes
configure:4485: checking dependency style of g++
configure:4596: result: gcc3
configure:4661: checking for ranlib
configure:4677: found /opt/local/bin/ranlib
configure:4688: result: ranlib
configure:4753: checking for ar
configure:4769: found /opt/local/bin/ar
configure:4780: result: ar
configure:4845: checking for ranlib
configure:4872: result: ranlib
configure:4901: checking how to run the C++ preprocessor
configure:4928: g++ -E -Wall  conftest.cpp
configure:4928: $? = 0
configure:4942: g++ -E -Wall  conftest.cpp
conftest.cpp:11:10: fatal error: 'ac_nonexistent.h' file not found
#include <ac_nonexistent.h>
         ^
1 error generated.
configure:4942: $? = 1
configure: failed program was:
| /* confdefs.h */
| #define PACKAGE_NAME "ofeli"
| #define PACKAGE_TARNAME "ofeli"
| #define PACKAGE_VERSION "3.1.0"
| #define PACKAGE_STRING "ofeli 3.1.0"
| #define PACKAGE_BUGREPORT ""
| #define PACKAGE_URL ""
| #define PACKAGE "ofeli"
| #define VERSION "3.1.0"
| /* end confdefs.h.  */
| #include <ac_nonexistent.h>
configure:4967: result: g++ -E
configure:4987: g++ -E -Wall  conftest.cpp
configure:4987: $? = 0
configure:5001: g++ -E -Wall  conftest.cpp
conftest.cpp:11:10: fatal error: 'ac_nonexistent.h' file not found
#include <ac_nonexistent.h>
         ^
1 error generated.
configure:5001: $? = 1
configure: failed program was:
| /* confdefs.h */
| #define PACKAGE_NAME "ofeli"
| #define PACKAGE_TARNAME "ofeli"
| #define PACKAGE_VERSION "3.1.0"
| #define PACKAGE_STRING "ofeli 3.1.0"
| #define PACKAGE_BUGREPORT ""
| #define PACKAGE_URL ""
| #define PACKAGE "ofeli"
| #define VERSION "3.1.0"
| /* end confdefs.h.  */
| #include <ac_nonexistent.h>
configure:5030: checking for grep that handles long lines and -e
configure:5088: result: /usr/bin/grep
configure:5093: checking for egrep
configure:5155: result: /usr/bin/grep -E
configure:5160: checking for ANSI C header files
configure:5180: g++ -c   -Wall  conftest.cpp >&5
configure:5180: $? = 0
configure:5253: g++ -o conftest   -Wall   conftest.cpp  >&5
configure:5253: $? = 0
configure:5253: ./conftest
configure:5253: $? = 0
configure:5264: result: yes
configure:5277: checking for sys/types.h
configure:5277: g++ -c   -Wall  conftest.cpp >&5
configure:5277: $? = 0
configure:5277: result: yes
configure:5277: checking for sys/stat.h
configure:5277: g++ -c   -Wall  conftest.cpp >&5
configure:5277: $? = 0
configure:5277: result: yes
configure:5277: checking for stdlib.h
configure:5277: g++ -c   -Wall  conftest.cpp >&5
configure:5277: $? = 0
configure:5277: result: yes
configure:5277: checking for string.h
configure:5277: g++ -c   -Wall  conftest.cpp >&5
configure:5277: $? = 0
configure:5277: result: yes
configure:5277: checking for memory.h
configure:5277: g++ -c   -Wall  conftest.cpp >&5
configure:5277: $? = 0
configure:5277: result: yes
configure:5277: checking for strings.h
configure:5277: g++ -c   -Wall  conftest.cpp >&5
configure:5277: $? = 0
configure:5277: result: yes
configure:5277: checking for inttypes.h
configure:5277: g++ -c   -Wall  conftest.cpp >&5
configure:5277: $? = 0
configure:5277: result: yes
configure:5277: checking for stdint.h
configure:5277: g++ -c   -Wall  conftest.cpp >&5
configure:5277: $? = 0
configure:5277: result: yes
configure:5277: checking for unistd.h
configure:5277: g++ -c   -Wall  conftest.cpp >&5
configure:5277: $? = 0
configure:5277: result: yes
configure:5289: checking for size_t
configure:5289: g++ -c   -Wall  conftest.cpp >&5
configure:5289: $? = 0
configure:5289: g++ -c   -Wall  conftest.cpp >&5
conftest.cpp:57:21: error: expected expression
if (sizeof ((size_t)))
                    ^
1 error generated.
configure:5289: $? = 1
configure: failed program was:
| /* confdefs.h */
| #define PACKAGE_NAME "ofeli"
| #define PACKAGE_TARNAME "ofeli"
| #define PACKAGE_VERSION "3.1.0"
| #define PACKAGE_STRING "ofeli 3.1.0"
| #define PACKAGE_BUGREPORT ""
| #define PACKAGE_URL ""
| #define PACKAGE "ofeli"
| #define VERSION "3.1.0"
| #define STDC_HEADERS 1
| #define HAVE_SYS_TYPES_H 1
| #define HAVE_SYS_STAT_H 1
| #define HAVE_STDLIB_H 1
| #define HAVE_STRING_H 1
| #define HAVE_MEMORY_H 1
| #define HAVE_STRINGS_H 1
| #define HAVE_INTTYPES_H 1
| #define HAVE_STDINT_H 1
| #define HAVE_UNISTD_H 1
| /* end confdefs.h.  */
| #include <stdio.h>
| #ifdef HAVE_SYS_TYPES_H
| # include <sys/types.h>
| #endif
| #ifdef HAVE_SYS_STAT_H
| # include <sys/stat.h>
| #endif
| #ifdef STDC_HEADERS
| # include <stdlib.h>
| # include <stddef.h>
| #else
| # ifdef HAVE_STDLIB_H
| #  include <stdlib.h>
| # endif
| #endif
| #ifdef HAVE_STRING_H
| # if !defined STDC_HEADERS && defined HAVE_MEMORY_H
| #  include <memory.h>
| # endif
| # include <string.h>
| #endif
| #ifdef HAVE_STRINGS_H
| # include <strings.h>
| #endif
| #ifdef HAVE_INTTYPES_H
| # include <inttypes.h>
| #endif
| #ifdef HAVE_STDINT_H
| # include <stdint.h>
| #endif
| #ifdef HAVE_UNISTD_H
| # include <unistd.h>
| #endif
| int
| main ()
| {
| if (sizeof ((size_t)))
| 	    return 0;
|   ;
|   return 0;
| }
configure:5289: result: yes
configure:5300: checking for an ANSI C-conforming const
configure:5366: g++ -c   -Wall  conftest.cpp >&5
configure:5366: $? = 0
configure:5373: result: yes
configure:5381: checking for inline
configure:5397: g++ -c   -Wall  conftest.cpp >&5
configure:5397: $? = 0
configure:5405: result: inline
configure:5446: checking for extern inline
configure:5465: g++ -c   -Wall  conftest.cpp >&5
conftest.cpp:23:8: error: redefinition of a 'extern inline' function 'foo' is not supported in C++
double foo (double x) { return x + 1.0 ; };
       ^
conftest.cpp:22:22: note: previous definition is here
extern inline double foo(double x) { return x + 1.0 ; } ;
                     ^
1 error generated.
configure:5465: $? = 1
configure: failed program was:
| /* confdefs.h */
| #define PACKAGE_NAME "ofeli"
| #define PACKAGE_TARNAME "ofeli"
| #define PACKAGE_VERSION "3.1.0"
| #define PACKAGE_STRING "ofeli 3.1.0"
| #define PACKAGE_BUGREPORT ""
| #define PACKAGE_URL ""
| #define PACKAGE "ofeli"
| #define VERSION "3.1.0"
| #define STDC_HEADERS 1
| #define HAVE_SYS_TYPES_H 1
| #define HAVE_SYS_STAT_H 1
| #define HAVE_STDLIB_H 1
| #define HAVE_STRING_H 1
| #define HAVE_MEMORY_H 1
| #define HAVE_STRINGS_H 1
| #define HAVE_INTTYPES_H 1
| #define HAVE_STDINT_H 1
| #define HAVE_UNISTD_H 1
| /* end confdefs.h.  */
| extern inline double foo(double x);
| extern inline double foo(double x) { return x + 1.0 ; } ;
| double foo (double x) { return x + 1.0 ; };
| int
| main ()
| {
|   foo(1.0)
|   ;
|   return 0;
| }
configure:5471: result: no
configure:5483: checking for clock
configure:5483: g++ -o conftest   -Wall   conftest.cpp  >&5
configure:5483: $? = 0
configure:5483: result: yes
configure:5492: checking for CLOCKS_PER_SEC
configure:5516: result: yes
configure:5547: checking for EXIT_SUCCESS and EXIT_FAILURE
configure:5571: result: yes
configure:5593: checking for debugging
configure:5600: result: 
configure:5606: checking for debugging and tracing
configure:5613: result: 
configure:5620: checking for release build
configure:5627: result: 
configure:5636: checking for fast build
configure:5643: result: 
configure:5652: checking for PETSc and dependent libraries
configure:5660: result: 
configure:5709: checking for Eigen and dependent libraries
configure:5717: result: 
configure:5776: checking that generated files are newer than configure
configure:5782: result: done
configure:5813: creating ./config.status

## ---------------------- ##
## Running config.status. ##
## ---------------------- ##

This file was extended by ofeli config.status 3.1.0, which was
generated by GNU Autoconf 2.69.  Invocation command line was

  CONFIG_FILES    = 
  CONFIG_HEADERS  = 
  CONFIG_LINKS    = 
  CONFIG_COMMANDS = 
  $ ./config.status 

on MacBook-Air-de-Rachid.local

config.status:1015: creating Makefile
config.status:1015: creating include/Makefile
config.status:1015: creating include/equations/Makefile
config.status:1015: creating include/equations/cl/Makefile
config.status:1015: creating include/equations/electromagnetics/Makefile
config.status:1015: creating include/equations/fluid/Makefile
config.status:1015: creating include/equations/interface/Makefile
config.status:1015: creating include/equations/laplace/Makefile
config.status:1015: creating include/equations/solid/Makefile
config.status:1015: creating include/equations/therm/Makefile
config.status:1015: creating include/io/Makefile
config.status:1015: creating include/io/fparser/Makefile
config.status:1015: creating include/io/tclap/Makefile
config.status:1015: creating include/io/xmlsp/Makefile
config.status:1015: creating include/linear_algebra/Makefile
config.status:1015: creating include/linear_algebra/petsc/Makefile
config.status:1015: creating include/mesh/Makefile
config.status:1015: creating include/mesh/bamg/Makefile
config.status:1015: creating include/mesh/metis/Makefile
config.status:1015: creating include/post/Makefile
config.status:1015: creating include/shape_functions/Makefile
config.status:1015: creating include/solvers/Makefile
config.status:1015: creating include/util/Makefile
config.status:1015: creating src/Makefile
config.status:1015: creating src/equations/Makefile
config.status:1015: creating src/equations/cl/Makefile
config.status:1015: creating src/equations/electromagnetics/Makefile
config.status:1015: creating src/equations/fluid/Makefile
config.status:1015: creating src/equations/interface/Makefile
config.status:1015: creating src/equations/laplace/Makefile
config.status:1015: creating src/equations/solid/Makefile
config.status:1015: creating src/equations/therm/Makefile
config.status:1015: creating src/io/Makefile
config.status:1015: creating src/io/fparser/Makefile
config.status:1015: creating src/io/xmlsp/Makefile
config.status:1015: creating src/linear_algebra/Makefile
config.status:1015: creating src/mesh/Makefile
config.status:1015: creating src/mesh/bamg/Makefile
config.status:1015: creating src/mesh/metis/Makefile
config.status:1015: creating src/post/Makefile
config.status:1015: creating src/shape_functions/Makefile
config.status:1015: creating src/solvers/Makefile
config.status:1015: creating src/util/Makefile
config.status:1015: creating material/Makefile
config.status:1015: creating util/Makefile
config.status:1015: creating util/g2m/Makefile
config.status:1015: creating util/g2m/src/Makefile
config.status:1015: creating util/g2m/examples/Makefile
config.status:1015: creating util/conv/Makefile
config.status:1015: creating util/conv/src/Makefile
config.status:1015: creating util/conv/examples/Makefile
config.status:1015: creating util/conv/matlab/Makefile
config.status:1015: creating util/vmesh/Makefile
config.status:1015: creating tutorial/Makefile
config.status:1015: creating tutorial/lesson1/Makefile
config.status:1015: creating tutorial/lesson2/Makefile
config.status:1015: creating tutorial/lesson3/Makefile
config.status:1015: creating tutorial/lesson4/Makefile
config.status:1015: creating demos/Makefile
config.status:1015: creating demos/thermal/Makefile
config.status:1015: creating demos/thermal/std3/Makefile
config.status:1015: creating demos/thermal/stdc2/Makefile
config.status:1015: creating demos/thermal/ttd2/Makefile
config.status:1015: creating demos/solid/Makefile
config.status:1015: creating demos/solid/beam/Makefile
config.status:1015: creating demos/solid/truss/Makefile
config.status:1015: creating demos/solid/contact/Makefile
config.status:1015: creating demos/solid/lelas2d/Makefile
config.status:1015: creating demos/solid/lelas3d/Makefile
config.status:1015: creating demos/fluid/Makefile
config.status:1015: creating demos/fluid/tiff2/Makefile
config.status:1015: creating demos/fluid/tins2/Makefile
config.status:1015: creating demos/fluid/lh2d/Makefile
config.status:1015: creating demos/fluid/euler-2d/Makefile
config.status:1015: creating demos/electromagnetics/Makefile
config.status:1015: creating demos/electromagnetics/Helmholtz/Makefile
config.status:1015: creating demos/electromagnetics/EddyCurrent2d-1/Makefile
config.status:1015: creating demos/solvers/Makefile
config.status:1015: creating demos/solvers/LS/Makefile
config.status:1015: creating demos/solvers/ODE/Makefile
config.status:1015: creating demos/solvers/EIGEN/Makefile
config.status:1015: creating demos/solvers/OPTIM/Makefile
config.status:1015: creating doc/Makefile
config.status:1015: creating doc/html/Makefile
config.status:1015: creating doc/demos/Makefile
config.status:1015: creating doc/im/Makefile
config.status:1015: creating doc/css/Makefile
config.status:1015: creating doc/tutorial/Makefile
config.status:1015: creating doc/presentations/Makefile
config.status:1015: creating tools/Makefile
config.status:1015: creating tools/CodeBlocks/Makefile
config.status:1015: creating tools/msvcpp/Makefile
config.status:1015: creating tools/msvcpp/beam/Makefile
config.status:1015: creating tools/msvcpp/cfield/Makefile
config.status:1015: creating tools/msvcpp/cmesh/Makefile
config.status:1015: creating tools/msvcpp/contact/Makefile
config.status:1015: creating tools/msvcpp/ec2d1/Makefile
config.status:1015: creating tools/msvcpp/eigen_demo1/Makefile
config.status:1015: creating tools/msvcpp/eigen_demo2/Makefile
config.status:1015: creating tools/msvcpp/euler_2d/Makefile
config.status:1015: creating tools/msvcpp/g2m/Makefile
config.status:1015: creating tools/msvcpp/helmholtz/Makefile
config.status:1015: creating tools/msvcpp/lelas2d/Makefile
config.status:1015: creating tools/msvcpp/lelas3d/Makefile
config.status:1015: creating tools/msvcpp/lesson1/Makefile
config.status:1015: creating tools/msvcpp/lesson2/Makefile
config.status:1015: creating tools/msvcpp/lesson3/Makefile
config.status:1015: creating tools/msvcpp/lesson4/Makefile
config.status:1015: creating tools/msvcpp/lesson5/Makefile
config.status:1015: creating tools/msvcpp/lh2d/Makefile
config.status:1015: creating tools/msvcpp/ofeli/Makefile
config.status:1015: creating tools/msvcpp/std3/Makefile
config.status:1015: creating tools/msvcpp/stdc2/Makefile
config.status:1015: creating tools/msvcpp/tiff2/Makefile
config.status:1015: creating tools/msvcpp/tins2/Makefile
config.status:1015: creating tools/msvcpp/ttd2/Makefile
config.status:1015: creating tools/msvcpp/truss/Makefile
config.status:1015: creating tools/msvcpp/ls_demo1/Makefile
config.status:1015: creating tools/msvcpp/ls_demo2/Makefile
config.status:1015: creating tools/msvcpp/ode_demo1/Makefile
config.status:1015: creating tools/msvcpp/ode_demo2/Makefile
config.status:1015: creating tools/msvcpp/ode_demo3/Makefile
config.status:1015: creating tools/msvcpp/ode_demo4/Makefile
config.status:1015: creating tools/msvcpp/ts_demo1/Makefile
config.status:1015: creating tools/msvcpp/ts_demo2/Makefile
config.status:1015: creating ofeli-config
config.status:1015: creating test_ofeli.sh
config.status:1015: creating include/config.h
config.status:1196: include/config.h is unchanged
config.status:1244: executing depfiles commands

## ---------------- ##
## Cache variables. ##
## ---------------- ##

ac_cv_build=i386-apple-darwin15.4.0
ac_cv_c_compiler_gnu=yes
ac_cv_c_const=yes
ac_cv_c_extern_inline=no
ac_cv_c_inline=inline
ac_cv_cxx_compiler_gnu=yes
ac_cv_decl_clocks_per_sec=yes
ac_cv_decl_exit_success_and_failure=yes
ac_cv_env_CCC_set=
ac_cv_env_CCC_value=
ac_cv_env_CC_set=
ac_cv_env_CC_value=
ac_cv_env_CFLAGS_set=
ac_cv_env_CFLAGS_value=
ac_cv_env_CPPFLAGS_set=
ac_cv_env_CPPFLAGS_value=
ac_cv_env_CPP_set=
ac_cv_env_CPP_value=
ac_cv_env_CXXCPP_set=
ac_cv_env_CXXCPP_value=
ac_cv_env_CXXFLAGS_set=
ac_cv_env_CXXFLAGS_value=
ac_cv_env_CXX_set=
ac_cv_env_CXX_value=
ac_cv_env_EIGEN_CFLAGS_set=
ac_cv_env_EIGEN_CFLAGS_value=
ac_cv_env_LDFLAGS_set=
ac_cv_env_LDFLAGS_value=
ac_cv_env_LIBS_set=
ac_cv_env_LIBS_value=
ac_cv_env_MPI_CFLAGS_set=
ac_cv_env_MPI_CFLAGS_value=
ac_cv_env_MPI_LDFLAGS_set=
ac_cv_env_MPI_LDFLAGS_value=
ac_cv_env_MPI_LIBS_set=
ac_cv_env_MPI_LIBS_value=
ac_cv_env_OFELI_CFLAGS_set=
ac_cv_env_OFELI_CFLAGS_value=
ac_cv_env_OFELI_LDFLAGS_set=
ac_cv_env_OFELI_LDFLAGS_value=
ac_cv_env_OFELI_LIBS_set=
ac_cv_env_OFELI_LIBS_value=
ac_cv_env_PETSC_CFLAGS_set=
ac_cv_env_PETSC_CFLAGS_value=
ac_cv_env_PETSC_LIBS_set=
ac_cv_env_PETSC_LIBS_value=
ac_cv_env_build_alias_set=
ac_cv_env_build_alias_value=
ac_cv_env_host_alias_set=
ac_cv_env_host_alias_value=
ac_cv_env_target_alias_set=
ac_cv_env_target_alias_value=
ac_cv_func_clock=yes
ac_cv_header_inttypes_h=yes
ac_cv_header_memory_h=yes
ac_cv_header_stdc=yes
ac_cv_header_stdint_h=yes
ac_cv_header_stdlib_h=yes
ac_cv_header_string_h=yes
ac_cv_header_strings_h=yes
ac_cv_header_sys_stat_h=yes
ac_cv_header_sys_types_h=yes
ac_cv_header_unistd_h=yes
ac_cv_host=i386-apple-darwin15.4.0
ac_cv_objext=o
ac_cv_path_EGREP='/usr/bin/grep -E'
ac_cv_path_GREP=/usr/bin/grep
ac_cv_path_install='/opt/local/bin/ginstall -c'
ac_cv_path_mkdir=/opt/local/bin/gmkdir
ac_cv_prog_AWK=gawk
ac_cv_prog_CPP='gcc -E'
ac_cv_prog_CXXCPP='g++ -E'
ac_cv_prog_ac_ct_AR=ar
ac_cv_prog_ac_ct_CC=gcc
ac_cv_prog_ac_ct_CXX=g++
ac_cv_prog_ac_ct_RANLIB=ranlib
ac_cv_prog_cc_c89=
ac_cv_prog_cc_g=yes
ac_cv_prog_cxx_g=yes
ac_cv_prog_make_make_set=yes
ac_cv_type_size_t=yes
am_cv_CC_dependencies_compiler_type=gcc3
am_cv_CXX_dependencies_compiler_type=gcc3
am_cv_make_support_nested_variables=yes
am_cv_prog_cc_c_o=yes

## ----------------- ##
## Output variables. ##
## ----------------- ##

ACLOCAL='${SHELL} /Users/touzani/ofeli/ofeli/missing aclocal-1.15'
AMDEPBACKSLASH='\'
AMDEP_FALSE='#'
AMDEP_TRUE=''
AMTAR='$${TAR-tar}'
AM_BACKSLASH='\'
AM_DEFAULT_V='$(AM_DEFAULT_VERBOSITY)'
AM_DEFAULT_VERBOSITY='1'
AM_V='$(V)'
AR='ar'
AUTOCONF='${SHELL} /Users/touzani/ofeli/ofeli/missing autoconf'
AUTOHEADER='${SHELL} /Users/touzani/ofeli/ofeli/missing autoheader'
AUTOMAKE='${SHELL} /Users/touzani/ofeli/ofeli/missing automake-1.15'
AWK='gawk'
CC='gcc'
CCDEPMODE='depmode=gcc3'
CFLAGS=''
CPP='gcc -E'
CPPFLAGS='-Wall  '
CXX='g++'
CXXCPP='g++ -E'
CXXDEPMODE='depmode=gcc3'
CXXFLAGS=' '
CYGPATH_W='echo'
DEFS='-DHAVE_CONFIG_H'
DEPDIR='.deps'
ECHO_C='\c'
ECHO_N=''
ECHO_T=''
EGREP='/usr/bin/grep -E'
EIGEN_CFLAGS='-I${prefix}/include/eigen3 '
EXEEXT=''
GREP='/usr/bin/grep'
HAVE_INLINE=''
INSTALL_DATA='${INSTALL} -m 644'
INSTALL_PROGRAM='${INSTALL}'
INSTALL_SCRIPT='${INSTALL}'
INSTALL_STRIP_PROGRAM='$(install_sh) -c -s'
LDFLAGS=''
LIBOBJS=''
LIBS=''
LTLIBOBJS=''
MAINT='#'
MAINTAINER_MODE_FALSE=''
MAINTAINER_MODE_TRUE='#'
MAKEINFO='${SHELL} /Users/touzani/ofeli/ofeli/missing makeinfo'
MKDIR_P='/opt/local/bin/gmkdir -p'
MPI_CFLAGS='-I${prefix}/include/mpi '
MPI_LDFLAGS=' '
MPI_LIBS='-lmpi '
OBJEXT='o'
OFELI_CFLAGS='-I${prefix}/include/ofeli  -Wall  '
OFELI_FLAGS='-I$(top_srcdir)/include'
OFELI_LDFLAGS='-L${exec_prefix}/lib '
OFELI_LIB='-lofeli'
OFELI_LIBS='-lofeli '
PACKAGE='ofeli'
PACKAGE_BUGREPORT=''
PACKAGE_NAME='ofeli'
PACKAGE_STRING='ofeli 3.1.0'
PACKAGE_TARNAME='ofeli'
PACKAGE_URL=''
PACKAGE_VERSION='3.1.0'
PATH_SEPARATOR=':'
PETSC_CFLAGS='-I${prefix}/include/petsc '
PETSC_LDFLAGS=''
PETSC_LIBS='-lpetsc '
RANLIB='ranlib'
RELEASE=''
SET_MAKE=''
SHELL='/bin/sh'
STRIP=''
VERSION='3.1.0'
ac_ct_CC='gcc'
ac_ct_CXX='g++'
am__EXEEXT_FALSE=''
am__EXEEXT_TRUE='#'
am__fastdepCC_FALSE='#'
am__fastdepCC_TRUE=''
am__fastdepCXX_FALSE='#'
am__fastdepCXX_TRUE=''
am__include='include'
am__isrc=''
am__leading_dot='.'
am__nodep='_no'
am__quote=''
am__tar='$${TAR-tar} chof - "$$tardir"'
am__untar='$${TAR-tar} xf -'
bindir='${exec_prefix}/bin'
build='i386-apple-darwin15.4.0'
build_alias=''
build_cpu='i386'
build_os='darwin15.4.0'
build_vendor='apple'
datadir='${datarootdir}'
datarootdir='${prefix}/share'
docdir='${datarootdir}/doc/${PACKAGE_TARNAME}'
dvidir='${docdir}'
exec_prefix='${prefix}'
host='i386-apple-darwin15.4.0'
host_alias=''
host_cpu='i386'
host_os='darwin15.4.0'
host_vendor='apple'
htmldir='${docdir}'
includedir='${prefix}/include'
infodir='${datarootdir}/info'
install_sh='${SHELL} /Users/touzani/ofeli/ofeli/install-sh'
libdir='${exec_prefix}/lib'
libexecdir='${exec_prefix}/libexec'
localedir='${datarootdir}/locale'
localstatedir='${prefix}/var'
mandir='${datarootdir}/man'
mkdir_p='$(MKDIR_P)'
oldincludedir='/usr/include'
pdfdir='${docdir}'
prefix='/usr/local'
program_transform_name='s,x,x,'
psdir='${docdir}'
sbindir='${exec_prefix}/sbin'
sharedstatedir='${prefix}/com'
sysconfdir='${prefix}/etc'
target_alias=''

## ----------- ##
## confdefs.h. ##
## ----------- ##

/* confdefs.h */
#define PACKAGE_NAME "ofeli"
#define PACKAGE_TARNAME "ofeli"
#define PACKAGE_VERSION "3.1.0"
#define PACKAGE_STRING "ofeli 3.1.0"
#define PACKAGE_BUGREPORT ""
#define PACKAGE_URL ""
#define PACKAGE "ofeli"
#define VERSION "3.1.0"
#define STDC_HEADERS 1
#define HAVE_SYS_TYPES_H 1
#define HAVE_SYS_STAT_H 1
#define HAVE_STDLIB_H 1
#define HAVE_STRING_H 1
#define HAVE_MEMORY_H 1
#define HAVE_STRINGS_H 1
#define HAVE_INTTYPES_H 1
#define HAVE_STDINT_H 1
#define HAVE_UNISTD_H 1
#define HAVE_CLOCK 1
#define HAVE_CLOCKS_PER_SEC 1
#define HAVE_EXIT_SUCCESS_AND_FAILURE 1

configure: exit 0
